名称为【R01】的容器已成功导入!
生成网络描述文件【R01_HuaWei_.xml】
名称为【R02】的容器已成功导入!
生成网络描述文件【R02_UNIS_.xml】
名称为【R03】的容器已成功导入!
生成网络描述文件【R03_ZTE_.xml】
名称为【R11】的容器已成功导入!
生成网络描述文件【R11_HuaWei_.xml】
名称为【R12】的容器已成功导入!
生成网络描述文件【R12_HuaWei_.xml】
名称为【R13】的容器已成功导入!
生成网络描述文件【R13_HuaWei_.xml】
名称为【R1】的容器已成功导入!
生成网络描述文件【R1_HuaWei_.xml】
名称为【R21】的容器已成功导入!
生成网络描述文件【R21_UNIS_.xml】
名称为【R22】的容器已成功导入!
生成网络描述文件【R22_UNIS_.xml】
名称为【R23】的容器已成功导入!
生成网络描述文件【R23_UNIS_.xml】
名称为【R2】的容器已成功导入!
生成网络描述文件【R2_UNIS_.xml】
名称为【R31】的容器已成功导入!
生成网络描述文件【R31_ZTE_.xml】
名称为【R32】的容器已成功导入!
生成网络描述文件【R32_ZTE_.xml】
名称为【R33】的容器已成功导入!
生成网络描述文件【R33_ZTE_.xml】
名称为【R3】的容器已成功导入!
生成网络描述文件【R3_ZTE_.xml】
创建容器【R01】
创建容器【R02】
创建容器【R03】
创建容器【R11】
创建容器【R12】
创建容器【R13】
创建容器【R1】
创建容器【R21】
创建容器【R22】
创建容器【R23】
创建容器【R2】
创建容器【R31】
创建容器【R32】
创建容器【R33】
创建容器【R3】
第0条:接口【R01:eth1】匹配成功【R11:eth4】
第1条:接口【R01:eth2】匹配成功【R13:eth3】
第2条:接口【R01:eth3】匹配成功【R1:eth1】
第3条:接口【R01:eth4】匹配成功【R2:eth1】
第4条:接口【R02:eth1】匹配成功【R2:eth4】
第5条:接口【R02:eth2】匹配成功【R3:eth4】
第6条:接口【R02:eth3】匹配成功【R22:eth1】
第7条:接口【R02:eth4】匹配成功【R23:eth1】
第8条:接口【R03:eth1】匹配成功【R3:eth3】
第9条:接口【R03:eth2】匹配成功【R1:eth2】
第10条:接口【R03:eth3】匹配成功【R33:eth1】
第11条:接口【R03:eth3】匹配成功【R32:eth2】
第12条:接口【R03:eth4】匹配成功【R32:eth3】
第13条:容器【R11】中端口【eth1】匹配失败
第14条:接口【R11:eth2】匹配成功【R12:eth1】
第15条:接口【R11:eth3】匹配成功【R13:eth1】
第16条:接口【R12:eth2】匹配成功【R13:eth2】
第17条:接口【R1:eth3】匹配成功【R3:eth1】
第18条:接口【R1:eth4】匹配成功【R2:eth2】
第19条:容器【R21】中端口【eth1】匹配失败
第20条:接口【R21:eth2】匹配成功【R23:eth3】
第21条:接口【R21:eth3】匹配成功【R22:eth3】
第22条:接口【R22:eth2】匹配成功【R23:eth2】
第23条:接口【R2:eth3】匹配成功【R3:eth2】
第24条:容器【R31】中端口【eth1】匹配失败
第25条:接口【R31:eth2】匹配成功【R33:eth2】
第26条:接口【R31:eth3】匹配成功【R32:eth1】
第27条:接口【R33:eth3】匹配成功【R03:eth3】
