==============0.创建远程连接============
=================3.创建并连接网桥===============
第0条:接口【R01:eth1】匹配成功【R11:eth4】
第1条:接口【R01:eth2】匹配成功【R13:eth3】
第2条:接口【R01:eth3】匹配成功【R1:eth1】
第3条:接口【R01:eth4】匹配成功【R2:eth1】
第4条:接口【R02:eth1】匹配成功【R2:eth4】
第5条:接口【R02:eth2】匹配成功【R3:eth4】
第6条:接口【R02:eth3】匹配成功【R22:eth1】
第7条:接口【R02:eth4】匹配成功【R23:eth1】
第8条:接口【R03:eth1】匹配成功【R3:eth3】
第9条:接口【R03:eth2】匹配成功【R1:eth2】
第10条:接口【R03:eth3】匹配成功【R33:eth1】
第11条:接口【R03:eth4】匹配成功【R32:eth3】
第12条:容器【R11】中端口【eth1】匹配失败
第13条:接口【R11:eth2】匹配成功【R12:eth1】
第14条:接口【R11:eth3】匹配成功【R13:eth1】
第15条:接口【R12:eth2】匹配成功【R13:eth2】
第16条:接口【R1:eth3】匹配成功【R3:eth1】
第17条:接口【R1:eth4】匹配成功【R2:eth2】
第18条:容器【R21】中端口【eth1】匹配失败
第19条:接口【R21:eth2】匹配成功【R23:eth3】
第20条:接口【R21:eth3】匹配成功【R22:eth3】
第21条:接口【R22:eth2】匹配成功【R23:eth2】
第22条:接口【R2:eth3】匹配成功【R3:eth2】
第23条:容器【R31】中端口【eth1】匹配失败
第24条:接口【R31:eth2】匹配成功【R33:eth2】
第25条:接口【R31:eth3】匹配成功【R32:eth1】
第26条:接口【R32:eth2】匹配成功【R33:eth3】
==============关闭服务器连接============
